[2023-04-16 20:48:25,988] {taskinstance.py:903} INFO - Dependencies all met for <TaskInstance: processing_dag.processing_task 2023-04-16T20:48:24.432535+00:00 [queued]>
[2023-04-16 20:48:26,021] {taskinstance.py:903} INFO - Dependencies all met for <TaskInstance: processing_dag.processing_task 2023-04-16T20:48:24.432535+00:00 [queued]>
[2023-04-16 20:48:26,022] {taskinstance.py:1095} INFO - 
--------------------------------------------------------------------------------
[2023-04-16 20:48:26,022] {taskinstance.py:1096} INFO - Starting attempt 1 of 1
[2023-04-16 20:48:26,022] {taskinstance.py:1097} INFO - 
--------------------------------------------------------------------------------
[2023-04-16 20:48:26,074] {taskinstance.py:1115} INFO - Executing <Task(PythonOperator): processing_task> on 2023-04-16T20:48:24.432535+00:00
[2023-04-16 20:48:26,077] {standard_task_runner.py:52} INFO - Started process 66 to run task
[2023-04-16 20:48:26,081] {standard_task_runner.py:76} INFO - Running: ['***', 'tasks', 'run', 'processing_dag', 'processing_task', '2023-04-16T20:48:24.432535+00:00', '--job-id', '7', '--pool', 'default_pool', '--raw', '--subdir', 'DAGS_FOLDER/mining_etl.py', '--cfg-path', '/tmp/tmpo_3es7jk', '--error-file', '/tmp/tmpn_casw3v']
[2023-04-16 20:48:26,081] {standard_task_runner.py:77} INFO - Job 7: Subtask processing_task
[2023-04-16 20:48:26,145] {logging_mixin.py:109} INFO - Running <TaskInstance: processing_dag.processing_task 2023-04-16T20:48:24.432535+00:00 [running]> on host d1ce0343a975
[2023-04-16 20:48:26,244] {taskinstance.py:1254} INFO - Exporting the following env vars:
AIRFLOW_CTX_DAG_OWNER=***
AIRFLOW_CTX_DAG_ID=processing_dag
AIRFLOW_CTX_TASK_ID=processing_task
AIRFLOW_CTX_EXECUTION_DATE=2023-04-16T20:48:24.432535+00:00
AIRFLOW_CTX_DAG_RUN_ID=manual__2023-04-16T20:48:24.432535+00:00
[2023-04-16 20:48:26,267] {logging_mixin.py:109} INFO - Data was imported.
[2023-04-16 20:48:26,270] {logging_mixin.py:109} INFO - Data was filtered.
[2023-04-16 20:48:26,276] {logging_mixin.py:109} INFO - Dropping empty columns.
[2023-04-16 20:48:26,277] {logging_mixin.py:109} INFO - Year and production was selected for the output file.
[2023-04-16 20:48:26,278] {logging_mixin.py:109} INFO - Converting processing output from tonne to ton.
[2023-04-16 20:48:26,281] {logging_mixin.py:109} INFO - Creating output file.
[2023-04-16 20:48:26,281] {python.py:151} INFO - Done. Returned value was: None
[2023-04-16 20:48:26,307] {taskinstance.py:1219} INFO - Marking task as SUCCESS. dag_id=processing_dag, task_id=processing_task, execution_date=20230416T204824, start_date=20230416T204825, end_date=20230416T204826
[2023-04-16 20:48:26,373] {local_task_job.py:151} INFO - Task exited with return code 0
[2023-04-16 20:48:26,441] {local_task_job.py:261} INFO - 0 downstream tasks scheduled from follow-on schedule check
